<?xml version="1.0" encoding="UTF-8"?>
<testng-results skipped="0" failed="0" ignored="0" total="1" passed="1">
  <reporter-output>
    <line>
      <![CDATA[=====Browser Session Started=====]]>
    </line>
    <line>
      <![CDATA[=====Application Started=====]]>
    </line>
    <line>
      <![CDATA[=====Browser Session End=====]]>
    </line>
  </reporter-output>
  <suite name="BDD Test Suite" duration-ms="28396" started-at="2019-07-31T01:11:19 CEST" finished-at="2019-07-31T01:11:48 CEST">
    <groups>
      <group name="cucumber">
        <method signature="TestRunner.feature(cucumber.api.testng.CucumberFeatureWrapper)[pri:0, instance:runners.TestRunner@cd2dae5]" name="feature" class="runners.TestRunner"/>
      </group> <!-- cucumber -->
    </groups>
    <test name="Search for Hotel" duration-ms="28396" started-at="2019-07-31T01:11:19 CEST" finished-at="2019-07-31T01:11:48 CEST">
      <class name="runners.TestRunner">
        <test-method status="PASS" signature="setUpClass()[pri:0, instance:runners.TestRunner@cd2dae5]" name="setUpClass" is-config="true" duration-ms="378" started-at="2019-07-31T01:11:19 CEST" finished-at="2019-07-31T01:11:20 CEST">
          <reporter-output>
          </reporter-output>
        </test-method> <!-- setUpClass -->
        <test-method status="PASS" signature="feature(cucumber.api.testng.CucumberFeatureWrapper)[pri:0, instance:runners.TestRunner@cd2dae5]" name="feature" duration-ms="27760" started-at="2019-07-31T01:11:20 CEST" description="Runs Cucumber Feature" data-provider="features" finished-at="2019-07-31T01:11:47 CEST">
          <params>
            <param index="0">
              <value>
                <![CDATA[Search for hotel in Singapore]]>
              </value>
            </param>
          </params>
          <reporter-output>
            <line>
              <![CDATA[=====Browser Session Started=====]]>
            </line>
            <line>
              <![CDATA[=====Application Started=====]]>
            </line>
            <line>
              <![CDATA[=====Browser Session End=====]]>
            </line>
          </reporter-output>
        </test-method> <!-- feature -->
        <test-method status="PASS" signature="tearDownClass()[pri:0, instance:runners.TestRunner@cd2dae5]" name="tearDownClass" is-config="true" duration-ms="58" started-at="2019-07-31T01:11:47 CEST" finished-at="2019-07-31T01:11:47 CEST">
          <reporter-output>
          </reporter-output>
        </test-method> <!-- tearDownClass -->
      </class> <!-- runners.TestRunner -->
    </test> <!-- Search for Hotel -->
  </suite> <!-- BDD Test Suite -->
</testng-results>
